[INFO ] 2022-09-20 00:39:33.259 [main] App - ------------------>Employee Application<-------------------

[INFO ] 2022-09-20 00:39:33.261 [main] App - 1-->Add Employee Details
2-->Display List of Employees by the Firstname
3-->Display List of Employees with Firstname and Phone number
4-->Update the email and phone number of a particular employee
5-->Delete details of a particular employee by Firstname
6-->List of employees with firstname and email address whose birthday falls on the given date
7-->Get the list of employees with their firstName and phone Number whose Wedding Anniversary falls on the given date

[INFO ] 2022-09-20 00:39:33.263 [main] App - Enter any choice from 1 to 7
[INFO ] 2022-09-20 00:39:40.038 [main] App - ----------------->1)Add Employee Details<-----------------
[INFO ] 2022-09-20 00:39:40.038 [main] App - Enter the first name : 
[INFO ] 2022-09-20 00:39:44.130 [main] App - Enter the last name : 
[INFO ] 2022-09-20 00:39:46.653 [main] App - Enter the address : 
[INFO ] 2022-09-20 00:39:52.322 [main] App - Enter the mail id : 
[INFO ] 2022-09-20 00:40:04.285 [main] App - Enter the phone number : 
[INFO ] 2022-09-20 00:40:20.528 [main] App - Enter the Date of Birth in (YYYY-MM-DD) Format : 
[INFO ] 2022-09-20 00:40:39.378 [main] App - Married/UnMarried - Y/N : 
[INFO ] 2022-09-20 00:40:49.099 [main] App - Enter the Wedding Date in (YYYY-MM-DD) Format : 
[INFO ] 2022-09-20 00:41:44.643 [main] App - ------------------>Employee Application<-------------------

[INFO ] 2022-09-20 00:41:44.645 [main] App - 1-->Add Employee Details
2-->Display List of Employees by the Firstname
3-->Display List of Employees with Firstname and Phone number
4-->Update the email and phone number of a particular employee
5-->Delete details of a particular employee by Firstname
6-->List of employees with firstname and email address whose birthday falls on the given date
7-->Get the list of employees with their firstName and phone Number whose Wedding Anniversary falls on the given date

[INFO ] 2022-09-20 00:41:44.645 [main] App - Enter any choice from 1 to 7
[INFO ] 2022-09-20 00:41:48.549 [main] App - ----------------->1)Add Employee Details<-----------------
[INFO ] 2022-09-20 00:41:48.549 [main] App - Enter the first name : 
[INFO ] 2022-09-20 00:41:51.881 [main] App - Enter the last name : 
[INFO ] 2022-09-20 00:41:53.930 [main] App - Enter the address : 
[INFO ] 2022-09-20 00:41:57.125 [main] App - Enter the mail id : 
[INFO ] 2022-09-20 00:42:02.492 [main] App - Enter the phone number : 
[INFO ] 2022-09-20 00:42:05.405 [main] App - Enter the Date of Birth in (YYYY-MM-DD) Format : 
[INFO ] 2022-09-20 00:42:13.304 [main] App - Married/UnMarried - Y/N : 
[INFO ] 2022-09-20 00:42:15.512 [main] App - Enter the Wedding Date in (YYYY-MM-DD) Format : 
[INFO ] 2022-09-20 00:42:32.059 [main] App - Employee [firstName=Mohan, lastName=YVK, address=Vizag, emailAddress=mohan@gmail.com, phoneNumber=1312415352, dateOfBirth=2000-11-02, weddingDate=2019-12-24]
[INFO ] 2022-09-20 00:42:32.080 [main]  - Employee Added : true
[INFO ] 2022-09-20 00:42:32.080 [main] App - Do you want to continue 'Y' ---> Continue / 'N' ---> Exit :
[INFO ] 2022-09-20 00:43:14.553 [main] App - ------------------>Employee Application<-------------------

[INFO ] 2022-09-20 00:43:14.553 [main] App - 1-->Add Employee Details
2-->Display List of Employees by the Firstname
3-->Display List of Employees with Firstname and Phone number
4-->Update the email and phone number of a particular employee
5-->Delete details of a particular employee by Firstname
6-->List of employees with firstname and email address whose birthday falls on the given date
7-->Get the list of employees with their firstName and phone Number whose Wedding Anniversary falls on the given date

[INFO ] 2022-09-20 00:43:14.554 [main] App - Enter any choice from 1 to 7
[INFO ] 2022-09-20 00:43:51.901 [main] App - ------------------>Employee Application<-------------------

[INFO ] 2022-09-20 00:43:51.904 [main] App - 1-->Add Employee Details
2-->Display List of Employees by the Firstname
3-->Display List of Employees with Firstname and Phone number
4-->Update the email and phone number of a particular employee
5-->Delete details of a particular employee by Firstname
6-->List of employees with firstname and email address whose birthday falls on the given date
7-->Get the list of employees with their firstName and phone Number whose Wedding Anniversary falls on the given date

[INFO ] 2022-09-20 00:43:51.904 [main] App - Enter any choice from 1 to 7
[INFO ] 2022-09-20 00:43:54.528 [main] App - ----------------->2)List of employees by their firstName<-----------------
[INFO ] 2022-09-20 00:43:59.451 [main]  - Employee [firstName=Mohan, lastName=YVK, address=Vizag, emailAddress=mohan@gmail.com, phoneNumber=1312415352, dateOfBirth=2000-11-02, weddingDate=2019-12-24]
[INFO ] 2022-09-20 00:43:59.451 [main] App - Do you want to continue 'Y' ---> Continue / 'N' ---> Exit :
[INFO ] 2022-09-20 00:44:03.457 [main] App - ------------------>Employee Application<-------------------

[INFO ] 2022-09-20 00:44:03.458 [main] App - 1-->Add Employee Details
2-->Display List of Employees by the Firstname
3-->Display List of Employees with Firstname and Phone number
4-->Update the email and phone number of a particular employee
5-->Delete details of a particular employee by Firstname
6-->List of employees with firstname and email address whose birthday falls on the given date
7-->Get the list of employees with their firstName and phone Number whose Wedding Anniversary falls on the given date

[INFO ] 2022-09-20 00:44:03.458 [main] App - Enter any choice from 1 to 7
[INFO ] 2022-09-20 00:44:15.278 [main] App - ----------------->3)List of employees with FirstName and Phone Number<-----------------
[INFO ] 2022-09-20 00:44:15.282 [main]  - Employee Name : Mohan Employee Phone Number : 1312415352
[INFO ] 2022-09-20 00:44:15.282 [main]  - Employee Name : Mahesh Employee Phone Number : 9443746256
[INFO ] 2022-09-20 00:44:15.283 [main] App - Do you want to continue 'Y' ---> Continue / 'N' ---> Exit :
[INFO ] 2022-09-20 00:44:32.792 [main] App - ------------------>Employee Application<-------------------

[INFO ] 2022-09-20 00:44:32.792 [main] App - 1-->Add Employee Details
2-->Display List of Employees by the Firstname
3-->Display List of Employees with Firstname and Phone number
4-->Update the email and phone number of a particular employee
5-->Delete details of a particular employee by Firstname
6-->List of employees with firstname and email address whose birthday falls on the given date
7-->Get the list of employees with their firstName and phone Number whose Wedding Anniversary falls on the given date

[INFO ] 2022-09-20 00:44:32.792 [main] App - Enter any choice from 1 to 7
[INFO ] 2022-09-20 00:44:35.775 [main] App - ----------------->4)Update the email and phoneNumber of a particular employee<-----------------
[INFO ] 2022-09-20 00:44:35.775 [main] App - Enter the mail id : 
[INFO ] 2022-09-20 00:44:42.668 [main] App - Enter the new mail id : 
[INFO ] 2022-09-20 00:44:44.908 [main] App - Enter the new phone number : 
[INFO ] 2022-09-20 00:44:55.341 [main] App - ------------------>Employee Application<-------------------

[INFO ] 2022-09-20 00:44:55.344 [main] App - 1-->Add Employee Details
2-->Display List of Employees by the Firstname
3-->Display List of Employees with Firstname and Phone number
4-->Update the email and phone number of a particular employee
5-->Delete details of a particular employee by Firstname
6-->List of employees with firstname and email address whose birthday falls on the given date
7-->Get the list of employees with their firstName and phone Number whose Wedding Anniversary falls on the given date

[INFO ] 2022-09-20 00:44:55.344 [main] App - Enter any choice from 1 to 7
[INFO ] 2022-09-20 00:44:58.188 [main] App - ----------------->4)Update the email and phoneNumber of a particular employee<-----------------
[INFO ] 2022-09-20 00:44:58.188 [main] App - Enter the mail id : 
[INFO ] 2022-09-20 00:44:59.829 [main] App - Enter the new mail id : 
[INFO ] 2022-09-20 00:45:01.001 [main] App - Enter the new phone number : 
[ERROR] 2022-09-20 00:45:02.350 [main]  - Employee Updated : false
[INFO ] 2022-09-20 00:45:02.350 [main] App - Do you want to continue 'Y' ---> Continue / 'N' ---> Exit :
[INFO ] 2022-09-20 00:45:09.445 [main] App - ------------------>Employee Application<-------------------

[INFO ] 2022-09-20 00:45:09.445 [main] App - 1-->Add Employee Details
2-->Display List of Employees by the Firstname
3-->Display List of Employees with Firstname and Phone number
4-->Update the email and phone number of a particular employee
5-->Delete details of a particular employee by Firstname
6-->List of employees with firstname and email address whose birthday falls on the given date
7-->Get the list of employees with their firstName and phone Number whose Wedding Anniversary falls on the given date

[INFO ] 2022-09-20 00:45:09.445 [main] App - Enter any choice from 1 to 7
[INFO ] 2022-09-20 00:45:27.271 [main] App - ----------------->6)list of employees with their firstName and emailAddress  whose Birthday falls on the given date<-----------------
[INFO ] 2022-09-20 00:45:27.271 [main] App - Enter the date : 
[INFO ] 2022-09-20 00:46:13.837 [main]  - Employee Name : Mohan Employee Mail : mohan@gmail.com
[INFO ] 2022-09-20 00:46:13.837 [main] App - Do you want to continue 'Y' ---> Continue / 'N' ---> Exit :
[INFO ] 2022-09-20 00:46:18.677 [main] App - ------------------>Employee Application<-------------------

[INFO ] 2022-09-20 00:46:18.677 [main] App - 1-->Add Employee Details
2-->Display List of Employees by the Firstname
3-->Display List of Employees with Firstname and Phone number
4-->Update the email and phone number of a particular employee
5-->Delete details of a particular employee by Firstname
6-->List of employees with firstname and email address whose birthday falls on the given date
7-->Get the list of employees with their firstName and phone Number whose Wedding Anniversary falls on the given date

[INFO ] 2022-09-20 00:46:18.677 [main] App - Enter any choice from 1 to 7
[INFO ] 2022-09-20 00:46:21.872 [main] App - ----------------->7)list of employees with their firstName and phone Number whose Wedding Anniversary falls on the given date<-----------------
[INFO ] 2022-09-20 00:46:21.872 [main] App - Enter the date : 
[INFO ] 2022-09-20 00:46:33.355 [main]  - Employee Name : Mahesh Employee Phone Number : 9443746256
[INFO ] 2022-09-20 00:46:33.355 [main] App - Do you want to continue 'Y' ---> Continue / 'N' ---> Exit :
[INFO ] 2022-09-20 00:46:45.651 [main] App - You have successfully exited
[INFO ] 2022-09-20 00:46:45.651 [main] App - ------------------>Employee Application<-------------------

[INFO ] 2022-09-20 00:46:45.651 [main] App - 1-->Add Employee Details
2-->Display List of Employees by the Firstname
3-->Display List of Employees with Firstname and Phone number
4-->Update the email and phone number of a particular employee
5-->Delete details of a particular employee by Firstname
6-->List of employees with firstname and email address whose birthday falls on the given date
7-->Get the list of employees with their firstName and phone Number whose Wedding Anniversary falls on the given date

[INFO ] 2022-09-20 00:46:45.651 [main] App - Enter any choice from 1 to 7
[INFO ] 2022-09-20 00:47:51.946 [main] App - ------------------>Employee Application<-------------------

[INFO ] 2022-09-20 00:47:51.948 [main] App - 1-->Add Employee Details
2-->Display List of Employees by the Firstname
3-->Display List of Employees with Firstname and Phone number
4-->Update the email and phone number of a particular employee
5-->Delete details of a particular employee by Firstname
6-->List of employees with firstname and email address whose birthday falls on the given date
7-->Get the list of employees with their firstName and phone Number whose Wedding Anniversary falls on the given date

[INFO ] 2022-09-20 00:47:51.948 [main] App - Enter any choice from 1 to 7
[INFO ] 2022-09-20 00:47:55.420 [main] App - ----------------->7)list of employees with their firstName and phone Number whose Wedding Anniversary falls on the given date<-----------------
[INFO ] 2022-09-20 00:47:55.420 [main] App - Enter the date : 
[INFO ] 2022-09-20 00:48:12.844 [main]  - Employee Name : Mahesh Employee Phone Number : 9443746256
[INFO ] 2022-09-20 00:48:12.844 [main] App - Do you want to continue 'Y' ---> Continue / 'N' ---> Exit :
[INFO ] 2022-09-20 00:48:17.019 [main] App - You have successfully exited
[INFO ] 2022-09-20 23:18:26.155 [main] App - ------------------>Employee Application<-------------------

[INFO ] 2022-09-20 23:18:26.158 [main] App - 1-->Add Employee Details
2-->Display List of Employees by the Firstname
3-->Display List of Employees with Firstname and Phone number
4-->Update the email and phone number of a particular employee
5-->Delete details of a particular employee by Firstname
6-->List of employees with firstname and email address whose birthday falls on the given date
7-->Get the list of employees with their firstName and phone Number whose Wedding Anniversary falls on the given date

[INFO ] 2022-09-20 23:18:26.158 [main] App - Enter any choice from 1 to 7
[INFO ] 2022-09-20 23:22:19.176 [main] App - ----------------->1)Add Employee Details<-----------------
[INFO ] 2022-09-20 23:22:19.177 [main] App - Enter the first name : 
[INFO ] 2022-09-20 23:22:26.762 [main] App - Enter the last name : 
[INFO ] 2022-09-20 23:22:29.946 [main] App - Enter the address : 
[INFO ] 2022-09-20 23:22:31.512 [main] App - Enter the mail id : 
[INFO ] 2022-09-20 23:22:33.232 [main] App - Enter the phone number : 
[INFO ] 2022-09-20 23:22:35.958 [main] App - Enter the Date of Birth in (YYYY-MM-DD) Format : 
[INFO ] 2022-09-20 23:23:07.693 [main] App - Married/UnMarried - Y/N : 
[INFO ] 2022-09-20 23:23:43.420 [main] App - ------------------>Employee Application<-------------------

[INFO ] 2022-09-20 23:23:43.422 [main] App - 1-->Add Employee Details
2-->Display List of Employees by the Firstname
3-->Display List of Employees with Firstname and Phone number
4-->Update the email and phone number of a particular employee
5-->Delete details of a particular employee by Firstname
6-->List of employees with firstname and email address whose birthday falls on the given date
7-->Get the list of employees with their firstName and phone Number whose Wedding Anniversary falls on the given date

[INFO ] 2022-09-20 23:23:43.422 [main] App - Enter any choice from 1 to 7
[INFO ] 2022-09-20 23:23:45.229 [main] App - ----------------->1)Add Employee Details<-----------------
[INFO ] 2022-09-20 23:23:45.229 [main] App - Enter the first name : 
[INFO ] 2022-09-20 23:23:46.778 [main] App - Enter the last name : 
[INFO ] 2022-09-20 23:23:48.365 [main] App - Enter the address : 
[INFO ] 2022-09-20 23:23:50.404 [main] App - Enter the mail id : 
[INFO ] 2022-09-20 23:23:52.697 [main] App - Enter the phone number : 
[INFO ] 2022-09-20 23:23:54.500 [main] App - Enter the Date of Birth in (YYYY-MM-DD) Format : 
[INFO ] 2022-09-20 23:24:00.131 [main] App - Married/UnMarried - Y/N : 
[INFO ] 2022-09-20 23:24:02.041 [main] App - Enter the Wedding Date in (YYYY-MM-DD) Format : 
[INFO ] 2022-09-20 23:24:11.696 [main]  - Employee Added : true
[INFO ] 2022-09-20 23:24:11.697 [main] App - Do you want to continue 'Y' ---> Continue / 'N' ---> Exit :
[INFO ] 2022-09-20 23:35:17.203 [main] App - ------------------>Employee Application<-------------------

[INFO ] 2022-09-20 23:35:17.203 [main] App - 1-->Add Employee Details
2-->Display List of Employees by the Firstname
3-->Display List of Employees with Firstname and Phone number
4-->Update the email and phone number of a particular employee
5-->Delete details of a particular employee by Firstname
6-->List of employees with firstname and email address whose birthday falls on the given date
7-->Get the list of employees with their firstName and phone Number whose Wedding Anniversary falls on the given date

[INFO ] 2022-09-20 23:35:17.203 [main] App - Enter any choice from 1 to 7
[INFO ] 2022-09-20 23:35:20.115 [main] App - ----------------->2)List of employees by their firstName<-----------------
[INFO ] 2022-09-20 23:35:36.639 [main]  - Employee [firstName=Mohan, lastName=YVK, address=Vizag, emailAddress=mohan@gmail.com, phoneNumber=1312415352, dateOfBirth=2000-11-02, weddingDate=2019-12-24]
[INFO ] 2022-09-20 23:35:36.639 [main] App - Do you want to continue 'Y' ---> Continue / 'N' ---> Exit :
